<?xml version="1.0" encoding="UTF-8"?>
<testng-results skipped="0" failed="0" ignored="0" total="1" passed="1">
  <reporter-output>
  </reporter-output>
  <suite name="Default suite" duration-ms="959" started-at="2018-09-23T19:11:03Z" finished-at="2018-09-23T19:11:04Z">
    <groups>
    </groups>
    <test name="Default test" duration-ms="959" started-at="2018-09-23T19:11:03Z" finished-at="2018-09-23T19:11:04Z">
      <class name="readExcel.TestCaseCount">
        <test-method status="PASS" signature="testA()[pri:0, instance:readExcel.TestCaseCount@704a52ec]" name="testA" duration-ms="911" started-at="2018-09-23T19:11:03Z" finished-at="2018-09-23T19:11:04Z">
          <reporter-output>
          </reporter-output>
        </test-method> <!-- testA -->
      </class> <!-- readExcel.TestCaseCount -->
    </test> <!-- Default test -->
  </suite> <!-- Default suite -->
</testng-results>
