<?xml version="1.0" encoding="UTF-8"?>
<testng-results skipped="0" failed="0" total="1" passed="1">
  <reporter-output>
  </reporter-output>
  <suite name="Suite" duration-ms="32" started-at="2019-01-10T07:41:03Z" finished-at="2019-01-10T07:41:03Z">
    <groups>
    </groups>
    <test name="Test" duration-ms="32" started-at="2019-01-10T07:41:03Z" finished-at="2019-01-10T07:41:03Z">
      <class name="assignment.One">
        <test-method status="PASS" signature="testA()[pri:0, instance:assignment.One@6aceb1a5]" name="testA" duration-ms="15" started-at="2019-01-10T13:11:03Z" finished-at="2019-01-10T13:11:03Z">
          <reporter-output>
          </reporter-output>
        </test-method> <!-- testA -->
      </class> <!-- assignment.One -->
    </test> <!-- Test -->
  </suite> <!-- Suite -->
</testng-results>
